2025-05-14 22:17:39,845 [INFO] Activator:176 - 


2025-05-14 22:17:39,849 [INFO] Activator:177 - !SESSION log4j initialized
2025-05-14 22:17:44,318 [INFO] LogOutputStream:77 - [STDOUT_REDIRECT] 
2025-05-14 22:17:45,425 [INFO] ApplicationProperties:184 - Using Application install path: /opt/st/stm32cubeide_1.18.1/plugins/com.st.stm32cube.common.mx_6.14.1.202504091515
2025-05-14 22:17:45,443 [INFO] DbMcusXml:78 - Set database path to: /opt/st/stm32cubeide_1.18.1/plugins/com.st.stm32cube.common.mx_6.14.1.202504091515//db//mcu/
2025-05-14 22:17:45,443 [INFO] ApiDb:274 - Set plugin database path to: /opt/st/stm32cubeide_1.18.1/plugins/com.st.stm32cube.common.mx_6.14.1.202504091515//db//plugins/boardmanager/
2025-05-14 22:17:45,443 [WARN] ApiDb:259 - Overriding images path with different value:  => /opt/st/stm32cubeide_1.18.1/plugins/com.st.stm32cube.common.mx_6.14.1.202504091515//db//plugins/mcufinder/images/
2025-05-14 22:17:45,450 [INFO] ApiDb:250 - Set database path to: /home/pythoninnutshell/.stmcufinder/plugins/mcufinder//mcu/
2025-05-14 22:17:45,451 [INFO] DbMcusAds:125 - Set database path to: /home/pythoninnutshell/.stmcufinder/plugins/mcufinder//mcu/
2025-05-14 22:17:45,454 [INFO] CrossReferenceDbSqlite:203 - Set database path to: /home/pythoninnutshell/.stmcufinder/plugins/mcufinder//mcu/cs/
2025-05-14 22:17:45,582 [INFO] RulesReader:64 - Compatibility file has been processed (302 Rules)
2025-05-14 22:17:45,649 [INFO] DbMcusXml:78 - Set database path to: /opt/st/stm32cubeide_1.18.1/plugins/com.st.stm32cube.common.mx_6.14.1.202504091515//db//mcu/
2025-05-14 22:17:45,649 [INFO] ApiDb:274 - Set plugin database path to: /opt/st/stm32cubeide_1.18.1/plugins/com.st.stm32cube.common.mx_6.14.1.202504091515//db//plugins/boardmanager/
2025-05-14 22:17:45,650 [INFO] ApiDb:261 - Set plugin images path to: /opt/st/stm32cubeide_1.18.1/plugins/com.st.stm32cube.common.mx_6.14.1.202504091515//db//plugins/mcufinder/images/
2025-05-14 22:17:45,650 [WARN] DbFile:41 - Overriding database path with different value: /home/pythoninnutshell/.stmcufinder/plugins/mcufinder/ => /home/pythoninnutshell/.stmcufinder/plugins/mcufinder
2025-05-14 22:17:45,650 [INFO] ApiDb:250 - Set database path to: /home/pythoninnutshell/.stmcufinder/plugins/mcufinder//mcu/
2025-05-14 22:17:45,650 [WARN] DbFile:41 - Overriding database path with different value: /home/pythoninnutshell/.stmcufinder/plugins/mcufinder/ => /home/pythoninnutshell/.stmcufinder/plugins/mcufinder
2025-05-14 22:17:45,650 [INFO] DbMcusAds:125 - Set database path to: /home/pythoninnutshell/.stmcufinder/plugins/mcufinder//mcu/
2025-05-14 22:17:45,650 [WARN] DbFile:41 - Overriding database path with different value: /home/pythoninnutshell/.stmcufinder/plugins/mcufinder/ => /home/pythoninnutshell/.stmcufinder/plugins/mcufinder
2025-05-14 22:17:45,650 [WARN] DbFile:41 - Overriding database path with different value: /home/pythoninnutshell/.stmcufinder/plugins/mcufinder/ => /home/pythoninnutshell/.stmcufinder/plugins/mcufinder
2025-05-14 22:17:45,650 [INFO] CrossReferenceDbSqlite:203 - Set database path to: /home/pythoninnutshell/.stmcufinder/plugins/mcufinder//mcu/cs/
2025-05-14 22:17:45,718 [INFO] MainPanel:272 - HeapMemory: 268435456
2025-05-14 22:17:45,841 [INFO] DbMcusXml:78 - Set database path to: /opt/st/stm32cubeide_1.18.1/plugins/com.st.stm32cube.common.mx_6.14.1.202504091515//db//mcu/
2025-05-14 22:17:45,842 [INFO] ApiDb:274 - Set plugin database path to: /opt/st/stm32cubeide_1.18.1/plugins/com.st.stm32cube.common.mx_6.14.1.202504091515//db//plugins/boardmanager/
2025-05-14 22:17:45,842 [INFO] ApiDb:261 - Set plugin images path to: /opt/st/stm32cubeide_1.18.1/plugins/com.st.stm32cube.common.mx_6.14.1.202504091515//db//plugins/mcufinder/images/
2025-05-14 22:17:45,842 [WARN] DbFile:41 - Overriding database path with different value: /home/pythoninnutshell/.stmcufinder/plugins/mcufinder/ => /home/pythoninnutshell/.stmcufinder/plugins/mcufinder
2025-05-14 22:17:45,842 [INFO] ApiDb:250 - Set database path to: /home/pythoninnutshell/.stmcufinder/plugins/mcufinder//mcu/
2025-05-14 22:17:45,842 [WARN] DbFile:41 - Overriding database path with different value: /home/pythoninnutshell/.stmcufinder/plugins/mcufinder/ => /home/pythoninnutshell/.stmcufinder/plugins/mcufinder
2025-05-14 22:17:45,842 [INFO] DbMcusAds:125 - Set database path to: /home/pythoninnutshell/.stmcufinder/plugins/mcufinder//mcu/
2025-05-14 22:17:45,842 [WARN] DbFile:41 - Overriding database path with different value: /home/pythoninnutshell/.stmcufinder/plugins/mcufinder/ => /home/pythoninnutshell/.stmcufinder/plugins/mcufinder
2025-05-14 22:17:45,842 [WARN] DbFile:41 - Overriding database path with different value: /home/pythoninnutshell/.stmcufinder/plugins/mcufinder/ => /home/pythoninnutshell/.stmcufinder/plugins/mcufinder
2025-05-14 22:17:45,842 [INFO] CrossReferenceDbSqlite:203 - Set database path to: /home/pythoninnutshell/.stmcufinder/plugins/mcufinder//mcu/cs/
2025-05-14 22:17:45,857 [INFO] ApplicationProperties:184 - Using Application install path: /opt/st/stm32cubeide_1.18.1/plugins/com.st.stm32cube.common.mx_6.14.1.202504091515
2025-05-14 22:17:45,859 [INFO] PluginManage:196 - Search for loadable plugins [exclusion list=, ]
2025-05-14 22:17:45,861 [INFO] PluginManage:310 - Check plugin analytics
2025-05-14 22:17:46,021 [INFO] AnalyticsPlugin:253 - Accepted Software Licenses: 
2025-05-14 22:17:46,021 [INFO] AnalyticsPlugin:255 - Accepted CMSIS Pack Licenses: 
2025-05-14 22:17:46,021 [INFO] AnalyticsPlugin:257 - Accepted Firmware Licenses: 
2025-05-14 22:17:46,024 [INFO] PluginManage:359 - Loaded plugin analytics (category:tool,tabindex:-1)
2025-05-14 22:17:46,025 [INFO] PluginManage:310 - Check plugin cadmodel
2025-05-14 22:17:46,031 [INFO] CADModel:105 - Init CAD model plugin
2025-05-14 22:17:46,031 [INFO] PluginManage:359 - Loaded plugin cadmodel (category:power,tabindex:5)
2025-05-14 22:17:46,031 [INFO] PluginManage:310 - Check plugin clock
2025-05-14 22:17:46,044 [INFO] PluginManage:359 - Loaded plugin clock (category:base,tabindex:2)
2025-05-14 22:17:46,044 [INFO] PluginManage:310 - Check plugin ddr
2025-05-14 22:17:46,048 [INFO] PluginManage:359 - Loaded plugin ddr (category:tool,tabindex:6)
2025-05-14 22:17:46,048 [INFO] PluginManage:310 - Check plugin filemanager
2025-05-14 22:17:46,210 [INFO] PluginManage:359 - Loaded plugin filemanager (category:base,tabindex:10)
2025-05-14 22:17:46,211 [INFO] PluginManage:310 - Check plugin ipmanager
2025-05-14 22:17:46,217 [INFO] PluginManage:359 - Loaded plugin ipmanager (category:base,tabindex:5)
2025-05-14 22:17:46,217 [INFO] PluginManage:310 - Check plugin lpbam
2025-05-14 22:17:46,227 [INFO] PluginManage:359 - Loaded plugin lpbam (category:base,tabindex:0)
2025-05-14 22:17:46,227 [INFO] PluginManage:310 - Check plugin memorymap
2025-05-14 22:17:46,239 [INFO] PluginManage:359 - Loaded plugin memorymap (category:base,tabindex:4)
2025-05-14 22:17:46,240 [INFO] PluginManage:310 - Check plugin pinoutandconfiguration
2025-05-14 22:17:46,249 [INFO] PluginManage:359 - Loaded plugin pinoutandconfiguration (category:base,tabindex:1)
2025-05-14 22:17:46,249 [INFO] PluginManage:310 - Check plugin pinoutconfig
2025-05-14 22:17:46,334 [WARN] SupportedApi:132 - Cannot load RTOS API schema: s4s-elt-must-match.1: The content of 'definitions' must match (annotation?, (simpleType | complexType)?, (unique | key | keyref)*)). A problem was found starting at: attribute.
2025-05-14 22:17:46,470 [INFO] PluginManage:359 - Loaded plugin pinoutconfig (category:base,tabindex:0)
2025-05-14 22:17:46,470 [INFO] PluginManage:310 - Check plugin power
2025-05-14 22:17:46,482 [INFO] PluginManage:359 - Loaded plugin power (category:power,tabindex:4)
2025-05-14 22:17:46,482 [INFO] PluginManage:310 - Check plugin projectmanager
2025-05-14 22:17:46,499 [INFO] PluginManage:359 - Loaded plugin projectmanager (category:projectmanager,tabindex:4)
2025-05-14 22:17:46,499 [INFO] PluginManage:310 - Check plugin rif
2025-05-14 22:17:46,508 [INFO] PluginManage:359 - Loaded plugin rif (category:base,tabindex:3)
2025-05-14 22:17:46,508 [INFO] PluginManage:310 - Check plugin thirdparty
2025-05-14 22:17:46,641 [INFO] PluginManage:359 - Loaded plugin thirdparty (category:base,tabindex:-1)
2025-05-14 22:17:46,640 [WARN] IntegrityCheckThread:84 - waiting for thirdparty lock release [integrity check]
2025-05-14 22:17:46,641 [INFO] IntegrityCheckThread:86 - entering critical section [integrity check]
2025-05-14 22:17:46,641 [INFO] PluginManage:310 - Check plugin tools
2025-05-14 22:17:46,641 [INFO] ThirdPartyUpdaterWithRetryManager:70 - Updater plugin not ready yet. [1/15]
2025-05-14 22:17:46,644 [INFO] PluginManage:359 - Loaded plugin tools (category:base,tabindex:7)
2025-05-14 22:17:46,644 [INFO] PluginManage:310 - Check plugin tutovideos
2025-05-14 22:17:46,820 [INFO] PluginManage:359 - Loaded plugin tutovideos (category:base,tabindex:-1)
2025-05-14 22:17:46,820 [INFO] PluginManage:310 - Check plugin updater
2025-05-14 22:17:46,845 [INFO] PluginManage:359 - Loaded plugin updater (category:base,tabindex:12)
2025-05-14 22:17:46,845 [INFO] PluginManage:310 - Check plugin userauth
2025-05-14 22:17:46,851 [INFO] UserAuth:118 - Init User Auth plugin
2025-05-14 22:17:46,852 [INFO] PluginManage:359 - Loaded plugin userauth (category:base,tabindex:14)
2025-05-14 22:17:46,852 [INFO] PluginManage:283 - PluginManage : Loaded plugins [18]
2025-05-14 22:17:47,062 [INFO] PinOutPanel:1589 - setPackage(No Configuration,No Configuration)
2025-05-14 22:17:47,153 [INFO] CADModel:165 - CPN selected for project level
2025-05-14 22:17:47,153 [INFO] CADModel:114 - Register for checkConnection events
2025-05-14 22:17:47,172 [INFO] IPUIPlugin:80 - create IPUIPlugin
2025-05-14 22:17:47,172 [INFO] PluginManager:220 - loadIPPluginJar : add extmemmanager
2025-05-14 22:17:47,175 [INFO] IPUIPlugin:80 - create IPUIPlugin
2025-05-14 22:17:47,175 [INFO] PluginManager:220 - loadIPPluginJar : add comp
2025-05-14 22:17:47,178 [INFO] IPUIPlugin:80 - create IPUIPlugin
2025-05-14 22:17:47,178 [INFO] PluginManager:220 - loadIPPluginJar : add spi
2025-05-14 22:17:47,182 [INFO] IPUIPlugin:80 - create IPUIPlugin
2025-05-14 22:17:47,182 [INFO] PluginManager:220 - loadIPPluginJar : add i2s
2025-05-14 22:17:47,187 [INFO] IPUIPlugin:80 - create IPUIPlugin
2025-05-14 22:17:47,187 [INFO] PluginManager:220 - loadIPPluginJar : add nvic
2025-05-14 22:17:47,196 [INFO] IPUIPlugin:80 - create IPUIPlugin
2025-05-14 22:17:47,196 [INFO] PluginManager:220 - loadIPPluginJar : add fmc
2025-05-14 22:17:47,203 [INFO] IPUIPlugin:80 - create IPUIPlugin
2025-05-14 22:17:47,203 [INFO] PluginManager:220 - loadIPPluginJar : add dma
2025-05-14 22:17:47,206 [INFO] IPUIPlugin:80 - create IPUIPlugin
2025-05-14 22:17:47,207 [INFO] PluginManager:220 - loadIPPluginJar : add can
2025-05-14 22:17:47,210 [INFO] IPUIPlugin:80 - create IPUIPlugin
2025-05-14 22:17:47,211 [INFO] PluginManager:220 - loadIPPluginJar : add openamp
2025-05-14 22:17:47,218 [INFO] IPUIPlugin:80 - create IPUIPlugin
2025-05-14 22:17:47,218 [INFO] PluginManager:220 - loadIPPluginJar : add freertos
2025-05-14 22:17:47,220 [INFO] IPUIPlugin:80 - create IPUIPlugin
2025-05-14 22:17:47,220 [INFO] PluginManager:220 - loadIPPluginJar : add tracer_emb
2025-05-14 22:17:47,222 [INFO] IPUIPlugin:80 - create IPUIPlugin
2025-05-14 22:17:47,222 [INFO] PluginManager:220 - loadIPPluginJar : add ltdc
2025-05-14 22:17:47,224 [INFO] IPUIPlugin:80 - create IPUIPlugin
2025-05-14 22:17:47,225 [INFO] PluginManager:220 - loadIPPluginJar : add fatfs
2025-05-14 22:17:47,230 [INFO] IPUIPlugin:80 - create IPUIPlugin
2025-05-14 22:17:47,230 [INFO] PluginManager:220 - loadIPPluginJar : add ipddr
2025-05-14 22:17:47,234 [INFO] IPUIPlugin:80 - create IPUIPlugin
2025-05-14 22:17:47,234 [INFO] PluginManager:220 - loadIPPluginJar : add opamp
2025-05-14 22:17:47,235 [INFO] IPUIPlugin:80 - create IPUIPlugin
2025-05-14 22:17:47,235 [INFO] PluginManager:220 - loadIPPluginJar : add genericplugin
2025-05-14 22:17:47,237 [INFO] IPUIPlugin:80 - create IPUIPlugin
2025-05-14 22:17:47,238 [INFO] PluginManager:220 - loadIPPluginJar : add dma3
2025-05-14 22:17:47,244 [INFO] IPUIPlugin:80 - create IPUIPlugin
2025-05-14 22:17:47,244 [INFO] PluginManager:220 - loadIPPluginJar : add gpio
2025-05-14 22:17:47,248 [INFO] IPUIPlugin:80 - create IPUIPlugin
2025-05-14 22:17:47,248 [INFO] PluginManager:220 - loadIPPluginJar : add i2c
2025-05-14 22:17:47,250 [INFO] IPUIPlugin:80 - create IPUIPlugin
2025-05-14 22:17:47,251 [INFO] PluginManager:220 - loadIPPluginJar : add cryp
2025-05-14 22:17:47,253 [INFO] IPUIPlugin:80 - create IPUIPlugin
2025-05-14 22:17:47,253 [INFO] PluginManager:220 - loadIPPluginJar : add usart
2025-05-14 22:17:47,260 [INFO] IPUIPlugin:80 - create IPUIPlugin
2025-05-14 22:17:47,261 [INFO] PluginManager:220 - loadIPPluginJar : add gic
2025-05-14 22:17:47,266 [INFO] IPUIPlugin:80 - create IPUIPlugin
2025-05-14 22:17:47,266 [INFO] PluginManager:220 - loadIPPluginJar : add resmgrutility
2025-05-14 22:17:47,269 [INFO] IPUIPlugin:80 - create IPUIPlugin
2025-05-14 22:17:47,269 [INFO] PluginManager:220 - loadIPPluginJar : add ddr_ctrl_phy
2025-05-14 22:17:47,277 [INFO] IPUIPlugin:80 - create IPUIPlugin
2025-05-14 22:17:47,277 [INFO] PluginManager:220 - loadIPPluginJar : add linkedlist
2025-05-14 22:17:47,280 [INFO] IPUIPlugin:80 - create IPUIPlugin
2025-05-14 22:17:47,281 [INFO] PluginManager:220 - loadIPPluginJar : add dfsdm
2025-05-14 22:17:47,283 [INFO] IPUIPlugin:80 - create IPUIPlugin
2025-05-14 22:17:47,283 [INFO] PluginManager:220 - loadIPPluginJar : add gtzc
2025-05-14 22:17:47,290 [INFO] IPUIPlugin:80 - create IPUIPlugin
2025-05-14 22:17:47,291 [INFO] PluginManager:220 - loadIPPluginJar : add adc
2025-05-14 22:17:47,293 [INFO] IPUIPlugin:80 - create IPUIPlugin
2025-05-14 22:17:47,293 [INFO] PluginManager:220 - loadIPPluginJar : add ts
2025-05-14 22:17:47,298 [INFO] IPUIPlugin:80 - create IPUIPlugin
2025-05-14 22:17:47,298 [INFO] PluginManager:220 - loadIPPluginJar : add usbx
2025-05-14 22:17:47,300 [INFO] IPUIPlugin:80 - create IPUIPlugin
2025-05-14 22:17:47,300 [INFO] PluginManager:220 - loadIPPluginJar : add radio
2025-05-14 22:17:47,304 [INFO] IPUIPlugin:80 - create IPUIPlugin
2025-05-14 22:17:47,305 [INFO] PluginManager:220 - loadIPPluginJar : add touchsensing
2025-05-14 22:17:47,308 [INFO] IPUIPlugin:80 - create IPUIPlugin
2025-05-14 22:17:47,308 [INFO] PluginManager:220 - loadIPPluginJar : add ucpd
2025-05-14 22:17:47,316 [INFO] IPUIPlugin:80 - create IPUIPlugin
2025-05-14 22:17:47,316 [INFO] PluginManager:220 - loadIPPluginJar : add stm32_wpan
2025-05-14 22:17:47,319 [INFO] IPUIPlugin:80 - create IPUIPlugin
2025-05-14 22:17:47,320 [INFO] PluginManager:220 - loadIPPluginJar : add i3c
2025-05-14 22:17:47,323 [INFO] IPUIPlugin:80 - create IPUIPlugin
2025-05-14 22:17:47,323 [INFO] PluginManager:220 - loadIPPluginJar : add gfxmmu
2025-05-14 22:17:47,325 [INFO] IPUIPlugin:80 - create IPUIPlugin
2025-05-14 22:17:47,326 [INFO] PluginManager:220 - loadIPPluginJar : add quadspi
2025-05-14 22:17:47,329 [INFO] IPUIPlugin:80 - create IPUIPlugin
2025-05-14 22:17:47,330 [INFO] PluginManager:220 - loadIPPluginJar : add pdm2pcm
2025-05-14 22:17:47,334 [INFO] IPUIPlugin:80 - create IPUIPlugin
2025-05-14 22:17:47,334 [INFO] PluginManager:220 - loadIPPluginJar : add lorawan
2025-05-14 22:17:47,335 [INFO] IPUIPlugin:80 - create IPUIPlugin
2025-05-14 22:17:47,335 [INFO] PluginManager:220 - loadIPPluginJar : add tsc
2025-05-14 22:17:47,338 [INFO] IPUIPlugin:80 - create IPUIPlugin
2025-05-14 22:17:47,338 [INFO] PluginManager:220 - loadIPPluginJar : add hash
2025-05-14 22:17:47,341 [INFO] IPUIPlugin:80 - create IPUIPlugin
2025-05-14 22:17:47,341 [INFO] PluginManager:220 - loadIPPluginJar : add tim
2025-05-14 22:17:47,349 [INFO] IPUIPlugin:80 - create IPUIPlugin
2025-05-14 22:17:47,349 [INFO] PluginManager:220 - loadIPPluginJar : add mdma
2025-05-14 22:17:47,352 [INFO] IPUIPlugin:80 - create IPUIPlugin
2025-05-14 22:17:47,353 [INFO] PluginManager:220 - loadIPPluginJar : add sai
2025-05-14 22:17:47,355 [INFO] IPUIPlugin:80 - create IPUIPlugin
2025-05-14 22:17:47,356 [INFO] PluginManager:220 - loadIPPluginJar : add aes
2025-05-14 22:17:47,365 [INFO] IPUIPlugin:80 - create IPUIPlugin
2025-05-14 22:17:47,368 [INFO] PluginManager:220 - loadIPPluginJar : add plateformsettings
2025-05-14 22:17:47,480 [FATAL] Updater:351 - Updater called before beeing initialized
2025-05-14 22:17:47,501 [INFO] RulesReader:64 - Compatibility file has been processed (302 Rules)
2025-05-14 22:17:47,510 [INFO] RulesReader:64 - Compatibility file has been processed (302 Rules)
2025-05-14 22:17:47,517 [INFO] CADModel:165 - CPN selected for project level
2025-05-14 22:17:47,518 [INFO] CADModel:114 - Register for checkConnection events
2025-05-14 22:17:47,518 [FATAL] Updater:351 - Updater called before beeing initialized
2025-05-14 22:17:47,518 [ERROR] CADModel:125 - Updater not yet initialized, retry later 
2025-05-14 22:17:47,633 [FATAL] Updater:351 - Updater called before beeing initialized
2025-05-14 22:17:47,635 [INFO] CADModel:165 - CPN selected for project level
2025-05-14 22:17:47,635 [INFO] CADModel:114 - Register for checkConnection events
2025-05-14 22:17:47,635 [FATAL] Updater:351 - Updater called before beeing initialized
2025-05-14 22:17:47,635 [ERROR] CADModel:125 - Updater not yet initialized, retry later 
2025-05-14 22:17:47,638 [FATAL] Updater:351 - Updater called before beeing initialized
2025-05-14 22:17:47,721 [FATAL] Updater:351 - Updater called before beeing initialized
2025-05-14 22:17:47,725 [INFO] DbMcusAds:53 - JSON generation date=Thu Mar 06 15:54:22 CET 2025 (1741272862204)
2025-05-14 22:17:47,725 [FATAL] Updater:351 - Updater called before beeing initialized
2025-05-14 22:17:47,754 [WARN] DetailPanel:346 - Failed to get advertising image, set to default
2025-05-14 22:17:47,995 [FATAL] Updater:351 - Updater called before beeing initialized
2025-05-14 22:17:47,997 [FATAL] Updater:351 - Updater called before beeing initialized
2025-05-14 22:17:47,998 [FATAL] Updater:351 - Updater called before beeing initialized
2025-05-14 22:17:47,998 [WARN] DetailPanel:346 - Failed to get advertising image, set to default
2025-05-14 22:17:47,998 [FATAL] Updater:351 - Updater called before beeing initialized
2025-05-14 22:17:48,029 [ERROR] Updater:1198 - MainUpdater not yet initialized. External WinMGr cannot be set.
2025-05-14 22:17:48,031 [INFO] Updater:1134 - Updater Version found : 6.14.1
2025-05-14 22:17:48,049 [INFO] ApplicationProperties:184 - Using Application install path: /opt/st/stm32cubeide_1.18.1/plugins/com.st.stm32cube.common.mx_6.14.1.202504091515
2025-05-14 22:17:48,336 [INFO] MainUpdater:2872 - connection check result : 10
2025-05-14 22:17:48,336 [INFO] MainUpdater:289 - Updater Check For Update Now.
2025-05-14 22:17:48,336 [INFO] MicroXplorer:498 - Change Database Version : DB.6.0.141
2025-05-14 22:17:48,343 [INFO] McuFinderGlobals:63 - Set McuFinder mode to 2 (CubeIDE integrated)
2025-05-14 22:17:48,344 [INFO] UserAuth:484 - Internet connection configuration mode: 1
2025-05-14 22:17:48,362 [INFO] JxBrowserEngine:152 - Initiate JxBrowser Engine with user profile folder
2025-05-14 22:17:48,514 [INFO] CheckServerUpdateThread:120 - End of CheckServer Thread
2025-05-14 22:17:49,178 [INFO] WebApp:169 - Instantiating new browser for Auth
2025-05-14 22:17:49,789 [WARN] PackLoader:240 - Cannot read IP mode file for STMicroelectronics.FP-SNS-MOTENVWB1.1.4.0
2025-05-14 22:17:49,803 [WARN] PackLoader:240 - Cannot read IP mode file for STMicroelectronics.X-CUBE-SMBUS.2.1.0
2025-05-14 22:17:49,838 [WARN] PackLoader:240 - Cannot read IP mode file for STMicroelectronics.X-CUBE-AZRTOS-F7.1.1.0
2025-05-14 22:17:49,883 [WARN] PackLoader:240 - Cannot read IP mode file for Infineon.AIROC-Wi-Fi-Bluetooth-STM32.1.7.0
2025-05-14 22:17:49,903 [WARN] PackLoader:240 - Cannot read IP mode file for STMicroelectronics.X-CUBE-DISPLAY.3.0.0
2025-05-14 22:17:49,920 [WARN] PackLoader:240 - Cannot read IP mode file for STMicroelectronics.X-CUBE-NFC10.1.0.0
2025-05-14 22:17:49,935 [WARN] PackLoader:240 - Cannot read IP mode file for STMicroelectronics.X-CUBE-BLEMGR.4.0.0
2025-05-14 22:17:49,947 [WARN] PackLoader:240 - Cannot read IP mode file for emotas.I-CUBE-CANOPEN.1.3.0
2025-05-14 22:17:49,950 [WARN] ConditionMgr:438 - getConditionDescription Invalid condition id : Cortex-A Device cause : null
2025-05-14 22:17:49,964 [WARN] ConditionMgr:1044 - genDependencies : Invalid condition id : Cortex-A Device cause : null
2025-05-14 22:17:49,965 [WARN] ConditionMgr:1044 - genDependencies : Invalid condition id : Cortex-A Device cause : null
2025-05-14 22:17:49,965 [WARN] ConditionMgr:1044 - genDependencies : Invalid condition id : Cortex-A Device cause : null
2025-05-14 22:17:49,969 [WARN] PackLoader:240 - Cannot read IP mode file for STMicroelectronics.X-CUBE-AI.10.0.0
2025-05-14 22:17:49,975 [WARN] PackLoader:240 - Cannot read IP mode file for STMicroelectronics.FP-SNS-SMARTAG2.1.2.0
2025-05-14 22:17:49,984 [INFO] LogOutputStream:77 - [STDOUT_REDIRECT] 1 : Invalid condition id : UX_CORESTACK_Condition cause : null
2025-05-14 22:17:49,985 [INFO] LogOutputStream:77 - [STDOUT_REDIRECT] 1 : Invalid condition id : UX_CORESTACK_Condition cause : null
2025-05-14 22:17:49,985 [INFO] LogOutputStream:77 - [STDOUT_REDIRECT] 1 : Invalid condition id : UX_CORESTACK_Condition cause : null
2025-05-14 22:17:49,985 [INFO] LogOutputStream:77 - [STDOUT_REDIRECT] 1 : Invalid condition id : UX_CORESTACK_Condition cause : null
2025-05-14 22:17:49,985 [INFO] LogOutputStream:77 - [STDOUT_REDIRECT] 1 : Invalid condition id : UX_CORESTACK_Condition cause : null
2025-05-14 22:17:49,989 [WARN] PackLoader:240 - Cannot read IP mode file for STMicroelectronics.X-CUBE-AZRTOS-WL.2.0.0
2025-05-14 22:17:49,997 [WARN] PackLoader:240 - Cannot read IP mode file for STMicroelectronics.FP-SNS-MOTENV1.5.0.0
2025-05-14 22:17:50,006 [WARN] PackLoader:240 - Cannot read IP mode file for WES.I-CUBE-Cesium.1.3.0
2025-05-14 22:17:50,011 [INFO] WebApp:463 - Apply proxy settings
2025-05-14 22:17:50,013 [WARN] PackLoader:240 - Cannot read IP mode file for STMicroelectronics.X-CUBE-BLE2.3.3.0
2025-05-14 22:17:50,012 [INFO] WebApp:548 - Chromium requires no authentication
2025-05-14 22:17:50,020 [WARN] PackLoader:240 - Cannot read IP mode file for STMicroelectronics.X-CUBE-NFC9.1.0.0
2025-05-14 22:17:50,026 [INFO] WebApp:491 - Direct internet connection detected
2025-05-14 22:17:50,027 [WARN] PackLoader:240 - Cannot read IP mode file for wolfSSL.I-CUBE-wolfSSL.5.8.0
2025-05-14 22:17:50,031 [WARN] PackLoader:240 - Cannot read IP mode file for wolfSSL.I-CUBE-wolfMQTT.1.19.2
2025-05-14 22:17:50,046 [WARN] PackLoader:240 - Cannot read IP mode file for STMicroelectronics.X-CUBE-AZRTOS-G0.1.1.0
2025-05-14 22:17:50,049 [INFO] WebApp:894 - Register for checkConnection events
2025-05-14 22:17:50,049 [INFO] WebApp:463 - Apply proxy settings
2025-05-14 22:17:50,050 [INFO] WebApp:548 - Chromium requires no authentication
2025-05-14 22:17:50,050 [INFO] WebApp:491 - Direct internet connection detected
2025-05-14 22:17:50,054 [WARN] PackLoader:240 - Cannot read IP mode file for STMicroelectronics.X-CUBE-SAFEA1.1.2.2
2025-05-14 22:17:50,061 [WARN] PackLoader:240 - Cannot read IP mode file for STMicroelectronics.X-CUBE-NFC4.3.0.0
2025-05-14 22:17:50,069 [WARN] PackLoader:240 - Cannot read IP mode file for EmbeddedOffice.I-CUBE-FS-RTOS.1.0.1
2025-05-14 22:17:50,074 [WARN] PackLoader:240 - Cannot read IP mode file for wolfSSL.I-CUBE-wolfTPM.3.8.0
2025-05-14 22:17:50,079 [WARN] PackLoader:240 - Cannot read IP mode file for STMicroelectronics.X-CUBE-TCPP.4.2.0
2025-05-14 22:17:50,085 [WARN] PackLoader:240 - Cannot read IP mode file for RealThread.X-CUBE-RT-Thread_Nano.4.1.1
2025-05-14 22:17:50,090 [WARN] PackLoader:240 - Cannot read IP mode file for STMicroelectronics.FP-ATR-SIGFOX1.3.2.0
2025-05-14 22:17:50,096 [WARN] PackLoader:240 - Cannot read IP mode file for STMicroelectronics.X-CUBE-EEPRMA1.5.1.0
2025-05-14 22:17:50,103 [WARN] PackLoader:240 - Cannot read IP mode file for ITTIA_DB.I-CUBE-ITTIADB.8.9.0
2025-05-14 22:17:50,136 [WARN] PackLoader:240 - Cannot read IP mode file for SEGGER.I-CUBE-embOS.1.3.1
2025-05-14 22:17:50,242 [WARN] PackLoader:240 - Cannot read IP mode file for STMicroelectronics.X-CUBE-ALGOBUILD.1.4.0
2025-05-14 22:17:50,265 [WARN] PackLoader:240 - Cannot read IP mode file for STMicroelectronics.X-CUBE-AZRTOS-F4.1.1.0
2025-05-14 22:17:50,270 [WARN] PackLoader:240 - Cannot read IP mode file for Avnet-IotConnect.X-CUBE-IoTC-DA16k-PMOD.1.0.0
2025-05-14 22:17:50,274 [WARN] PackLoader:240 - Cannot read IP mode file for STMicroelectronics.X-CUBE-ISPU.2.1.0
2025-05-14 22:17:50,287 [WARN] PackLoader:240 - Cannot read IP mode file for STMicroelectronics.X-CUBE-AZRTOS-L5.2.0.0
2025-05-14 22:17:50,294 [INFO] WebApp:225 - Starting web application
2025-05-14 22:17:50,294 [INFO] WebApp:593 - Web application path used /opt/st/stm32cubeide_1.18.1/plugins/com.st.stm32cube.common.mx_6.14.1.202504091515/db/plugins/mcufinder/reactClient1/index.html
2025-05-14 22:17:50,297 [WARN] PackLoader:240 - Cannot read IP mode file for STMicroelectronics.X-CUBE-NFC6.3.1.0
2025-05-14 22:17:50,307 [WARN] PackLoader:240 - Cannot read IP mode file for STMicroelectronics.X-CUBE-FREERTOS.1.3.1
2025-05-14 22:17:50,313 [WARN] PackLoader:240 - Cannot read IP mode file for STMicroelectronics.X-CUBE-FREERTOS.1.3.0
2025-05-14 22:17:50,331 [WARN] ConditionMgr:438 - getConditionDescription Invalid condition id : LAN8742 Phy interface Condition cause : null
2025-05-14 22:17:50,331 [WARN] PackLoader:240 - Cannot read IP mode file for STMicroelectronics.X-CUBE-AZRTOS-L4.2.0.0
2025-05-14 22:17:50,333 [WARN] ConditionMgr:1044 - genDependencies : Invalid condition id : LAN8742 Phy interface Condition cause : null
2025-05-14 22:17:50,334 [WARN] ConditionMgr:1044 - genDependencies : Invalid condition id : LAN8742 Phy interface Condition cause : null
2025-05-14 22:17:50,335 [WARN] ConditionMgr:1044 - genDependencies : Invalid condition id : LAN8742 Phy interface Condition cause : null
2025-05-14 22:17:50,344 [WARN] PackLoader:240 - Cannot read IP mode file for STMicroelectronics.X-CUBE-SFXS2LP1.4.0.0
2025-05-14 22:17:50,365 [WARN] PackLoader:240 - Cannot read IP mode file for STMicroelectronics.X-CUBE-AZRTOS-H7.3.3.0
2025-05-14 22:17:50,381 [WARN] ConditionMgr:438 - getConditionDescription Invalid condition id : UX DEVICE CLASS RTOS Condition cause : null
2025-05-14 22:17:50,382 [WARN] ConditionMgr:438 - getConditionDescription Invalid condition id : UX DEVICE CLASS RTOS Condition cause : null
2025-05-14 22:17:50,383 [WARN] PackLoader:240 - Cannot read IP mode file for STMicroelectronics.X-CUBE-AZRTOS-WB.2.0.0
2025-05-14 22:17:50,383 [WARN] ConditionMgr:1044 - genDependencies : Invalid condition id : UX DEVICE CLASS RTOS Condition cause : null
2025-05-14 22:17:50,383 [WARN] ConditionMgr:1044 - genDependencies : Invalid condition id : UX DEVICE CLASS RTOS Condition cause : null
2025-05-14 22:17:50,384 [WARN] ConditionMgr:1044 - genDependencies : Invalid condition id : UX DEVICE CLASS RTOS Condition cause : null
2025-05-14 22:17:50,384 [WARN] ConditionMgr:1044 - genDependencies : Invalid condition id : UX DEVICE CLASS RTOS Condition cause : null
2025-05-14 22:17:50,384 [WARN] ConditionMgr:1044 - genDependencies : Invalid condition id : UX DEVICE CLASS RTOS Condition cause : null
2025-05-14 22:17:50,390 [WARN] PackLoader:240 - Cannot read IP mode file for STMicroelectronics.X-CUBE-GNSS1.7.0.1
2025-05-14 22:17:50,408 [WARN] PackLoader:240 - Cannot read IP mode file for STMicroelectronics.FP-SNS-STBOX1.2.0.0
2025-05-14 22:17:50,422 [WARN] PackLoader:240 - Cannot read IP mode file for STMicroelectronics.X-CUBE-SUBG2.5.0.0
2025-05-14 22:17:50,433 [WARN] PackLoader:240 - Cannot read IP mode file for Cesanta.I-CUBE-Mongoose.7.13.0
2025-05-14 22:17:50,446 [WARN] PackLoader:240 - Cannot read IP mode file for STMicroelectronics.X-CUBE-AZRTOS-G4.2.0.0
2025-05-14 22:17:50,451 [WARN] PackLoader:240 - Cannot read IP mode file for wolfSSL.I-CUBE-wolfSSH.1.4.20
2025-05-14 22:17:50,453 [INFO] UserAuth:484 - Internet connection configuration mode: 1
2025-05-14 22:17:50,465 [WARN] PackLoader:240 - Cannot read IP mode file for STMicroelectronics.X-CUBE-IPS.3.1.0
2025-05-14 22:17:50,482 [WARN] PackLoader:240 - Cannot read IP mode file for STMicroelectronics.X-CUBE-ALS.1.0.2
2025-05-14 22:17:50,487 [WARN] PackLoader:240 - Cannot read IP mode file for portGmbH.I-Cube-SoM-uGOAL.1.1.0
2025-05-14 22:17:50,489 [INFO] ThirdParty:978 - Integrity check success = true
2025-05-14 22:17:50,490 [INFO] IntegrityCheckThread:100 - exiting critical section [integrity check]
2025-05-14 22:17:50,490 [INFO] IntegrityCheckThread:103 - End integrity checks thread
2025-05-14 22:17:50,710 [INFO] WebApp:191 - Connection restablished
2025-05-14 22:28:57,492 [ERROR] LogOutputStream:75 - [STDERR_REDIRECT] 
