2025-05-10 21:57:45,779 [INFO] Activator:176 - 


2025-05-10 21:57:45,784 [INFO] Activator:177 - !SESSION log4j initialized
2025-05-10 21:57:49,905 [INFO] LogOutputStream:77 - [STDOUT_REDIRECT] 
2025-05-10 21:57:50,468 [INFO] ApplicationProperties:184 - Using Application install path: /opt/st/stm32cubeide_1.18.1/plugins/com.st.stm32cube.common.mx_6.14.1.202504091515
2025-05-10 21:57:50,493 [INFO] DbMcusXml:78 - Set database path to: /opt/st/stm32cubeide_1.18.1/plugins/com.st.stm32cube.common.mx_6.14.1.202504091515//db//mcu/
2025-05-10 21:57:50,493 [INFO] ApiDb:274 - Set plugin database path to: /opt/st/stm32cubeide_1.18.1/plugins/com.st.stm32cube.common.mx_6.14.1.202504091515//db//plugins/boardmanager/
2025-05-10 21:57:50,494 [WARN] ApiDb:259 - Overriding images path with different value:  => /opt/st/stm32cubeide_1.18.1/plugins/com.st.stm32cube.common.mx_6.14.1.202504091515//db//plugins/mcufinder/images/
2025-05-10 21:57:50,501 [INFO] ApiDb:250 - Set database path to: /home/pythoninnutshell/.stmcufinder/plugins/mcufinder//mcu/
2025-05-10 21:57:50,502 [INFO] DbMcusAds:125 - Set database path to: /home/pythoninnutshell/.stmcufinder/plugins/mcufinder//mcu/
2025-05-10 21:57:50,505 [INFO] CrossReferenceDbSqlite:203 - Set database path to: /home/pythoninnutshell/.stmcufinder/plugins/mcufinder//mcu/cs/
2025-05-10 21:57:50,635 [INFO] RulesReader:64 - Compatibility file has been processed (302 Rules)
2025-05-10 21:57:50,693 [INFO] DbMcusXml:78 - Set database path to: /opt/st/stm32cubeide_1.18.1/plugins/com.st.stm32cube.common.mx_6.14.1.202504091515//db//mcu/
2025-05-10 21:57:50,694 [INFO] ApiDb:274 - Set plugin database path to: /opt/st/stm32cubeide_1.18.1/plugins/com.st.stm32cube.common.mx_6.14.1.202504091515//db//plugins/boardmanager/
2025-05-10 21:57:50,694 [INFO] ApiDb:261 - Set plugin images path to: /opt/st/stm32cubeide_1.18.1/plugins/com.st.stm32cube.common.mx_6.14.1.202504091515//db//plugins/mcufinder/images/
2025-05-10 21:57:50,694 [WARN] DbFile:41 - Overriding database path with different value: /home/pythoninnutshell/.stmcufinder/plugins/mcufinder/ => /home/pythoninnutshell/.stmcufinder/plugins/mcufinder
2025-05-10 21:57:50,694 [INFO] ApiDb:250 - Set database path to: /home/pythoninnutshell/.stmcufinder/plugins/mcufinder//mcu/
2025-05-10 21:57:50,694 [WARN] DbFile:41 - Overriding database path with different value: /home/pythoninnutshell/.stmcufinder/plugins/mcufinder/ => /home/pythoninnutshell/.stmcufinder/plugins/mcufinder
2025-05-10 21:57:50,694 [INFO] DbMcusAds:125 - Set database path to: /home/pythoninnutshell/.stmcufinder/plugins/mcufinder//mcu/
2025-05-10 21:57:50,694 [WARN] DbFile:41 - Overriding database path with different value: /home/pythoninnutshell/.stmcufinder/plugins/mcufinder/ => /home/pythoninnutshell/.stmcufinder/plugins/mcufinder
2025-05-10 21:57:50,694 [WARN] DbFile:41 - Overriding database path with different value: /home/pythoninnutshell/.stmcufinder/plugins/mcufinder/ => /home/pythoninnutshell/.stmcufinder/plugins/mcufinder
2025-05-10 21:57:50,695 [INFO] CrossReferenceDbSqlite:203 - Set database path to: /home/pythoninnutshell/.stmcufinder/plugins/mcufinder//mcu/cs/
2025-05-10 21:57:50,750 [INFO] MainPanel:272 - HeapMemory: 268435456
2025-05-10 21:57:50,904 [INFO] DbMcusXml:78 - Set database path to: /opt/st/stm32cubeide_1.18.1/plugins/com.st.stm32cube.common.mx_6.14.1.202504091515//db//mcu/
2025-05-10 21:57:50,905 [INFO] ApiDb:274 - Set plugin database path to: /opt/st/stm32cubeide_1.18.1/plugins/com.st.stm32cube.common.mx_6.14.1.202504091515//db//plugins/boardmanager/
2025-05-10 21:57:50,905 [INFO] ApiDb:261 - Set plugin images path to: /opt/st/stm32cubeide_1.18.1/plugins/com.st.stm32cube.common.mx_6.14.1.202504091515//db//plugins/mcufinder/images/
2025-05-10 21:57:50,905 [WARN] DbFile:41 - Overriding database path with different value: /home/pythoninnutshell/.stmcufinder/plugins/mcufinder/ => /home/pythoninnutshell/.stmcufinder/plugins/mcufinder
2025-05-10 21:57:50,905 [INFO] ApiDb:250 - Set database path to: /home/pythoninnutshell/.stmcufinder/plugins/mcufinder//mcu/
2025-05-10 21:57:50,905 [WARN] DbFile:41 - Overriding database path with different value: /home/pythoninnutshell/.stmcufinder/plugins/mcufinder/ => /home/pythoninnutshell/.stmcufinder/plugins/mcufinder
2025-05-10 21:57:50,905 [INFO] DbMcusAds:125 - Set database path to: /home/pythoninnutshell/.stmcufinder/plugins/mcufinder//mcu/
2025-05-10 21:57:50,905 [WARN] DbFile:41 - Overriding database path with different value: /home/pythoninnutshell/.stmcufinder/plugins/mcufinder/ => /home/pythoninnutshell/.stmcufinder/plugins/mcufinder
2025-05-10 21:57:50,905 [WARN] DbFile:41 - Overriding database path with different value: /home/pythoninnutshell/.stmcufinder/plugins/mcufinder/ => /home/pythoninnutshell/.stmcufinder/plugins/mcufinder
2025-05-10 21:57:50,905 [INFO] CrossReferenceDbSqlite:203 - Set database path to: /home/pythoninnutshell/.stmcufinder/plugins/mcufinder//mcu/cs/
2025-05-10 21:57:50,919 [INFO] ApplicationProperties:184 - Using Application install path: /opt/st/stm32cubeide_1.18.1/plugins/com.st.stm32cube.common.mx_6.14.1.202504091515
2025-05-10 21:57:50,920 [INFO] PluginManage:196 - Search for loadable plugins [exclusion list=, ]
2025-05-10 21:57:50,921 [INFO] PluginManage:310 - Check plugin analytics
2025-05-10 21:57:51,067 [INFO] AnalyticsPlugin:253 - Accepted Software Licenses: 
2025-05-10 21:57:51,067 [INFO] AnalyticsPlugin:255 - Accepted CMSIS Pack Licenses: 
2025-05-10 21:57:51,067 [INFO] AnalyticsPlugin:257 - Accepted Firmware Licenses: 
2025-05-10 21:57:51,070 [INFO] PluginManage:359 - Loaded plugin analytics (category:tool,tabindex:-1)
2025-05-10 21:57:51,071 [INFO] PluginManage:310 - Check plugin cadmodel
2025-05-10 21:57:51,076 [INFO] CADModel:105 - Init CAD model plugin
2025-05-10 21:57:51,077 [INFO] PluginManage:359 - Loaded plugin cadmodel (category:power,tabindex:5)
2025-05-10 21:57:51,078 [INFO] PluginManage:310 - Check plugin clock
2025-05-10 21:57:51,089 [INFO] PluginManage:359 - Loaded plugin clock (category:base,tabindex:2)
2025-05-10 21:57:51,089 [INFO] PluginManage:310 - Check plugin ddr
2025-05-10 21:57:51,092 [INFO] PluginManage:359 - Loaded plugin ddr (category:tool,tabindex:6)
2025-05-10 21:57:51,092 [INFO] PluginManage:310 - Check plugin filemanager
2025-05-10 21:57:51,244 [INFO] PluginManage:359 - Loaded plugin filemanager (category:base,tabindex:10)
2025-05-10 21:57:51,245 [INFO] PluginManage:310 - Check plugin ipmanager
2025-05-10 21:57:51,251 [INFO] PluginManage:359 - Loaded plugin ipmanager (category:base,tabindex:5)
2025-05-10 21:57:51,251 [INFO] PluginManage:310 - Check plugin lpbam
2025-05-10 21:57:51,265 [INFO] PluginManage:359 - Loaded plugin lpbam (category:base,tabindex:0)
2025-05-10 21:57:51,265 [INFO] PluginManage:310 - Check plugin memorymap
2025-05-10 21:57:51,279 [INFO] PluginManage:359 - Loaded plugin memorymap (category:base,tabindex:4)
2025-05-10 21:57:51,279 [INFO] PluginManage:310 - Check plugin pinoutandconfiguration
2025-05-10 21:57:51,290 [INFO] PluginManage:359 - Loaded plugin pinoutandconfiguration (category:base,tabindex:1)
2025-05-10 21:57:51,290 [INFO] PluginManage:310 - Check plugin pinoutconfig
2025-05-10 21:57:51,386 [WARN] SupportedApi:132 - Cannot load RTOS API schema: s4s-elt-must-match.1: The content of 'definitions' must match (annotation?, (simpleType | complexType)?, (unique | key | keyref)*)). A problem was found starting at: attribute.
2025-05-10 21:57:51,508 [INFO] PluginManage:359 - Loaded plugin pinoutconfig (category:base,tabindex:0)
2025-05-10 21:57:51,509 [INFO] PluginManage:310 - Check plugin power
2025-05-10 21:57:51,517 [INFO] PluginManage:359 - Loaded plugin power (category:power,tabindex:4)
2025-05-10 21:57:51,517 [INFO] PluginManage:310 - Check plugin projectmanager
2025-05-10 21:57:51,531 [INFO] PluginManage:359 - Loaded plugin projectmanager (category:projectmanager,tabindex:4)
2025-05-10 21:57:51,532 [INFO] PluginManage:310 - Check plugin rif
2025-05-10 21:57:51,538 [INFO] PluginManage:359 - Loaded plugin rif (category:base,tabindex:3)
2025-05-10 21:57:51,538 [INFO] PluginManage:310 - Check plugin thirdparty
2025-05-10 21:57:51,651 [INFO] PluginManage:359 - Loaded plugin thirdparty (category:base,tabindex:-1)
2025-05-10 21:57:51,651 [WARN] IntegrityCheckThread:84 - waiting for thirdparty lock release [integrity check]
2025-05-10 21:57:51,652 [INFO] PluginManage:310 - Check plugin tools
2025-05-10 21:57:51,652 [INFO] IntegrityCheckThread:86 - entering critical section [integrity check]
2025-05-10 21:57:51,652 [INFO] ThirdPartyUpdaterWithRetryManager:70 - Updater plugin not ready yet. [1/15]
2025-05-10 21:57:51,654 [INFO] PluginManage:359 - Loaded plugin tools (category:base,tabindex:7)
2025-05-10 21:57:51,654 [INFO] PluginManage:310 - Check plugin tutovideos
2025-05-10 21:57:51,817 [INFO] PluginManage:359 - Loaded plugin tutovideos (category:base,tabindex:-1)
2025-05-10 21:57:51,817 [INFO] PluginManage:310 - Check plugin updater
2025-05-10 21:57:51,845 [INFO] PluginManage:359 - Loaded plugin updater (category:base,tabindex:12)
2025-05-10 21:57:51,845 [INFO] PluginManage:310 - Check plugin userauth
2025-05-10 21:57:51,850 [INFO] UserAuth:118 - Init User Auth plugin
2025-05-10 21:57:51,851 [INFO] PluginManage:359 - Loaded plugin userauth (category:base,tabindex:14)
2025-05-10 21:57:51,851 [INFO] PluginManage:283 - PluginManage : Loaded plugins [18]
2025-05-10 21:57:52,014 [INFO] PinOutPanel:1589 - setPackage(No Configuration,No Configuration)
2025-05-10 21:57:52,071 [INFO] CADModel:165 - CPN selected for project level
2025-05-10 21:57:52,071 [INFO] CADModel:114 - Register for checkConnection events
2025-05-10 21:57:52,085 [INFO] IPUIPlugin:80 - create IPUIPlugin
2025-05-10 21:57:52,085 [INFO] PluginManager:220 - loadIPPluginJar : add extmemmanager
2025-05-10 21:57:52,086 [INFO] IPUIPlugin:80 - create IPUIPlugin
2025-05-10 21:57:52,086 [INFO] PluginManager:220 - loadIPPluginJar : add comp
2025-05-10 21:57:52,088 [INFO] IPUIPlugin:80 - create IPUIPlugin
2025-05-10 21:57:52,088 [INFO] PluginManager:220 - loadIPPluginJar : add spi
2025-05-10 21:57:52,090 [INFO] IPUIPlugin:80 - create IPUIPlugin
2025-05-10 21:57:52,091 [INFO] PluginManager:220 - loadIPPluginJar : add i2s
2025-05-10 21:57:52,094 [INFO] IPUIPlugin:80 - create IPUIPlugin
2025-05-10 21:57:52,095 [INFO] PluginManager:220 - loadIPPluginJar : add nvic
2025-05-10 21:57:52,100 [INFO] IPUIPlugin:80 - create IPUIPlugin
2025-05-10 21:57:52,100 [INFO] PluginManager:220 - loadIPPluginJar : add fmc
2025-05-10 21:57:52,105 [INFO] IPUIPlugin:80 - create IPUIPlugin
2025-05-10 21:57:52,105 [INFO] PluginManager:220 - loadIPPluginJar : add dma
2025-05-10 21:57:52,107 [INFO] IPUIPlugin:80 - create IPUIPlugin
2025-05-10 21:57:52,107 [INFO] PluginManager:220 - loadIPPluginJar : add can
2025-05-10 21:57:52,110 [INFO] IPUIPlugin:80 - create IPUIPlugin
2025-05-10 21:57:52,110 [INFO] PluginManager:220 - loadIPPluginJar : add openamp
2025-05-10 21:57:52,115 [INFO] IPUIPlugin:80 - create IPUIPlugin
2025-05-10 21:57:52,115 [INFO] PluginManager:220 - loadIPPluginJar : add freertos
2025-05-10 21:57:52,117 [INFO] IPUIPlugin:80 - create IPUIPlugin
2025-05-10 21:57:52,117 [INFO] PluginManager:220 - loadIPPluginJar : add tracer_emb
2025-05-10 21:57:52,118 [INFO] IPUIPlugin:80 - create IPUIPlugin
2025-05-10 21:57:52,118 [INFO] PluginManager:220 - loadIPPluginJar : add ltdc
2025-05-10 21:57:52,119 [INFO] IPUIPlugin:80 - create IPUIPlugin
2025-05-10 21:57:52,120 [INFO] PluginManager:220 - loadIPPluginJar : add fatfs
2025-05-10 21:57:52,123 [INFO] IPUIPlugin:80 - create IPUIPlugin
2025-05-10 21:57:52,123 [INFO] PluginManager:220 - loadIPPluginJar : add ipddr
2025-05-10 21:57:52,126 [INFO] IPUIPlugin:80 - create IPUIPlugin
2025-05-10 21:57:52,126 [INFO] PluginManager:220 - loadIPPluginJar : add opamp
2025-05-10 21:57:52,127 [INFO] IPUIPlugin:80 - create IPUIPlugin
2025-05-10 21:57:52,128 [INFO] PluginManager:220 - loadIPPluginJar : add genericplugin
2025-05-10 21:57:52,130 [INFO] IPUIPlugin:80 - create IPUIPlugin
2025-05-10 21:57:52,130 [INFO] PluginManager:220 - loadIPPluginJar : add dma3
2025-05-10 21:57:52,133 [INFO] IPUIPlugin:80 - create IPUIPlugin
2025-05-10 21:57:52,133 [INFO] PluginManager:220 - loadIPPluginJar : add gpio
2025-05-10 21:57:52,135 [INFO] IPUIPlugin:80 - create IPUIPlugin
2025-05-10 21:57:52,135 [INFO] PluginManager:220 - loadIPPluginJar : add i2c
2025-05-10 21:57:52,137 [INFO] IPUIPlugin:80 - create IPUIPlugin
2025-05-10 21:57:52,137 [INFO] PluginManager:220 - loadIPPluginJar : add cryp
2025-05-10 21:57:52,138 [INFO] IPUIPlugin:80 - create IPUIPlugin
2025-05-10 21:57:52,138 [INFO] PluginManager:220 - loadIPPluginJar : add usart
2025-05-10 21:57:52,142 [INFO] IPUIPlugin:80 - create IPUIPlugin
2025-05-10 21:57:52,143 [INFO] PluginManager:220 - loadIPPluginJar : add gic
2025-05-10 21:57:52,146 [INFO] IPUIPlugin:80 - create IPUIPlugin
2025-05-10 21:57:52,146 [INFO] PluginManager:220 - loadIPPluginJar : add resmgrutility
2025-05-10 21:57:52,148 [INFO] IPUIPlugin:80 - create IPUIPlugin
2025-05-10 21:57:52,148 [INFO] PluginManager:220 - loadIPPluginJar : add ddr_ctrl_phy
2025-05-10 21:57:52,153 [INFO] IPUIPlugin:80 - create IPUIPlugin
2025-05-10 21:57:52,154 [INFO] PluginManager:220 - loadIPPluginJar : add linkedlist
2025-05-10 21:57:52,155 [INFO] IPUIPlugin:80 - create IPUIPlugin
2025-05-10 21:57:52,155 [INFO] PluginManager:220 - loadIPPluginJar : add dfsdm
2025-05-10 21:57:52,157 [INFO] IPUIPlugin:80 - create IPUIPlugin
2025-05-10 21:57:52,157 [INFO] PluginManager:220 - loadIPPluginJar : add gtzc
2025-05-10 21:57:52,163 [INFO] IPUIPlugin:80 - create IPUIPlugin
2025-05-10 21:57:52,164 [INFO] PluginManager:220 - loadIPPluginJar : add adc
2025-05-10 21:57:52,165 [INFO] IPUIPlugin:80 - create IPUIPlugin
2025-05-10 21:57:52,165 [INFO] PluginManager:220 - loadIPPluginJar : add ts
2025-05-10 21:57:52,167 [INFO] IPUIPlugin:80 - create IPUIPlugin
2025-05-10 21:57:52,167 [INFO] PluginManager:220 - loadIPPluginJar : add usbx
2025-05-10 21:57:52,168 [INFO] IPUIPlugin:80 - create IPUIPlugin
2025-05-10 21:57:52,169 [INFO] PluginManager:220 - loadIPPluginJar : add radio
2025-05-10 21:57:52,171 [INFO] IPUIPlugin:80 - create IPUIPlugin
2025-05-10 21:57:52,171 [INFO] PluginManager:220 - loadIPPluginJar : add touchsensing
2025-05-10 21:57:52,172 [INFO] IPUIPlugin:80 - create IPUIPlugin
2025-05-10 21:57:52,172 [INFO] PluginManager:220 - loadIPPluginJar : add ucpd
2025-05-10 21:57:52,178 [INFO] IPUIPlugin:80 - create IPUIPlugin
2025-05-10 21:57:52,178 [INFO] PluginManager:220 - loadIPPluginJar : add stm32_wpan
2025-05-10 21:57:52,180 [INFO] IPUIPlugin:80 - create IPUIPlugin
2025-05-10 21:57:52,180 [INFO] PluginManager:220 - loadIPPluginJar : add i3c
2025-05-10 21:57:52,181 [INFO] IPUIPlugin:80 - create IPUIPlugin
2025-05-10 21:57:52,181 [INFO] PluginManager:220 - loadIPPluginJar : add gfxmmu
2025-05-10 21:57:52,182 [INFO] IPUIPlugin:80 - create IPUIPlugin
2025-05-10 21:57:52,182 [INFO] PluginManager:220 - loadIPPluginJar : add quadspi
2025-05-10 21:57:52,183 [INFO] IPUIPlugin:80 - create IPUIPlugin
2025-05-10 21:57:52,183 [INFO] PluginManager:220 - loadIPPluginJar : add pdm2pcm
2025-05-10 21:57:52,185 [INFO] IPUIPlugin:80 - create IPUIPlugin
2025-05-10 21:57:52,195 [INFO] PluginManager:220 - loadIPPluginJar : add lorawan
2025-05-10 21:57:52,198 [INFO] IPUIPlugin:80 - create IPUIPlugin
2025-05-10 21:57:52,198 [INFO] PluginManager:220 - loadIPPluginJar : add tsc
2025-05-10 21:57:52,201 [INFO] IPUIPlugin:80 - create IPUIPlugin
2025-05-10 21:57:52,201 [INFO] PluginManager:220 - loadIPPluginJar : add hash
2025-05-10 21:57:52,203 [INFO] IPUIPlugin:80 - create IPUIPlugin
2025-05-10 21:57:52,203 [INFO] PluginManager:220 - loadIPPluginJar : add tim
2025-05-10 21:57:52,210 [INFO] IPUIPlugin:80 - create IPUIPlugin
2025-05-10 21:57:52,210 [INFO] PluginManager:220 - loadIPPluginJar : add mdma
2025-05-10 21:57:52,213 [INFO] IPUIPlugin:80 - create IPUIPlugin
2025-05-10 21:57:52,213 [INFO] PluginManager:220 - loadIPPluginJar : add sai
2025-05-10 21:57:52,215 [INFO] IPUIPlugin:80 - create IPUIPlugin
2025-05-10 21:57:52,215 [INFO] PluginManager:220 - loadIPPluginJar : add aes
2025-05-10 21:57:52,221 [INFO] IPUIPlugin:80 - create IPUIPlugin
2025-05-10 21:57:52,223 [INFO] PluginManager:220 - loadIPPluginJar : add plateformsettings
2025-05-10 21:57:52,324 [FATAL] Updater:351 - Updater called before beeing initialized
2025-05-10 21:57:52,344 [INFO] RulesReader:64 - Compatibility file has been processed (302 Rules)
2025-05-10 21:57:52,355 [INFO] RulesReader:64 - Compatibility file has been processed (302 Rules)
2025-05-10 21:57:52,362 [INFO] CADModel:165 - CPN selected for project level
2025-05-10 21:57:52,362 [INFO] CADModel:114 - Register for checkConnection events
2025-05-10 21:57:52,363 [FATAL] Updater:351 - Updater called before beeing initialized
2025-05-10 21:57:52,363 [ERROR] CADModel:125 - Updater not yet initialized, retry later 
2025-05-10 21:57:52,469 [FATAL] Updater:351 - Updater called before beeing initialized
2025-05-10 21:57:52,470 [INFO] CADModel:165 - CPN selected for project level
2025-05-10 21:57:52,470 [INFO] CADModel:114 - Register for checkConnection events
2025-05-10 21:57:52,470 [FATAL] Updater:351 - Updater called before beeing initialized
2025-05-10 21:57:52,470 [ERROR] CADModel:125 - Updater not yet initialized, retry later 
2025-05-10 21:57:52,472 [FATAL] Updater:351 - Updater called before beeing initialized
2025-05-10 21:57:52,544 [FATAL] Updater:351 - Updater called before beeing initialized
2025-05-10 21:57:52,549 [INFO] DbMcusAds:53 - JSON generation date=Thu Mar 06 15:54:22 CET 2025 (1741272862204)
2025-05-10 21:57:52,549 [FATAL] Updater:351 - Updater called before beeing initialized
2025-05-10 21:57:52,580 [WARN] DetailPanel:346 - Failed to get advertising image, set to default
2025-05-10 21:57:52,783 [FATAL] Updater:351 - Updater called before beeing initialized
2025-05-10 21:57:52,785 [FATAL] Updater:351 - Updater called before beeing initialized
2025-05-10 21:57:52,785 [FATAL] Updater:351 - Updater called before beeing initialized
2025-05-10 21:57:52,785 [WARN] DetailPanel:346 - Failed to get advertising image, set to default
2025-05-10 21:57:52,786 [FATAL] Updater:351 - Updater called before beeing initialized
2025-05-10 21:57:52,815 [ERROR] Updater:1198 - MainUpdater not yet initialized. External WinMGr cannot be set.
2025-05-10 21:57:52,816 [INFO] Updater:1134 - Updater Version found : 6.14.1
2025-05-10 21:57:52,833 [INFO] ApplicationProperties:184 - Using Application install path: /opt/st/stm32cubeide_1.18.1/plugins/com.st.stm32cube.common.mx_6.14.1.202504091515
2025-05-10 21:57:53,098 [INFO] MainUpdater:2872 - connection check result : 10
2025-05-10 21:57:53,098 [INFO] MainUpdater:3566 - Updater definition file requires update
2025-05-10 21:57:53,099 [INFO] MainUpdater:289 - Updater Check For Update Now.
2025-05-10 21:57:53,099 [INFO] MicroXplorer:498 - Change Database Version : DB.6.0.141
2025-05-10 21:57:53,104 [INFO] McuFinderGlobals:63 - Set McuFinder mode to 2 (CubeIDE integrated)
2025-05-10 21:57:53,105 [INFO] UserAuth:484 - Internet connection configuration mode: 1
2025-05-10 21:57:53,118 [INFO] JxBrowserEngine:152 - Initiate JxBrowser Engine with user profile folder
2025-05-10 21:57:53,144 [INFO] ServerAccessManage:473 - Download File updaters.zip
2025-05-10 21:57:53,219 [INFO] FileExtend:242 - Unzip File : updaters.zip
2025-05-10 21:57:53,219 [INFO] FileExtend:257 - Standard Zip Deflate
2025-05-10 21:57:53,445 [INFO] ServerAccessManage:473 - Download File PacksControlFlags.xml
2025-05-10 21:57:53,500 [INFO] ServerAccessManage:473 - Download File cubemx.pidx
2025-05-10 21:57:54,042 [INFO] ServerAccessManage:473 - Download File STMicroelectronics.X-CUBE-FREERTOS.pdsc
2025-05-10 21:57:54,178 [INFO] WebApp:169 - Instantiating new browser for Auth
2025-05-10 21:57:54,653 [WARN] MainUpdater:1193 - Updater busy. Cannot search thirdparties
2025-05-10 21:57:54,653 [INFO] ThirdPartyUpdaterWithRetryManager:96 - Updater plugin is busy. [1/15]
2025-05-10 21:57:54,951 [INFO] WebApp:463 - Apply proxy settings
2025-05-10 21:57:54,951 [INFO] WebApp:548 - Chromium requires no authentication
2025-05-10 21:57:54,959 [INFO] WebApp:491 - Direct internet connection detected
2025-05-10 21:57:54,975 [INFO] WebApp:894 - Register for checkConnection events
2025-05-10 21:57:54,976 [INFO] WebApp:463 - Apply proxy settings
2025-05-10 21:57:54,976 [INFO] WebApp:548 - Chromium requires no authentication
2025-05-10 21:57:54,976 [INFO] WebApp:491 - Direct internet connection detected
2025-05-10 21:57:55,098 [INFO] WebApp:225 - Starting web application
2025-05-10 21:57:55,098 [INFO] WebApp:593 - Web application path used /opt/st/stm32cubeide_1.18.1/plugins/com.st.stm32cube.common.mx_6.14.1.202504091515/db/plugins/mcufinder/reactClient1/index.html
2025-05-10 21:57:55,198 [INFO] UserAuth:484 - Internet connection configuration mode: 1
2025-05-10 21:57:55,302 [INFO] ServerAccessManage:473 - Download File wolfSSL.I-CUBE-wolfSSL.pdsc
2025-05-10 21:57:55,616 [INFO] WebApp:191 - Connection restablished
2025-05-10 21:57:57,654 [WARN] MainUpdater:1193 - Updater busy. Cannot search thirdparties
2025-05-10 21:57:57,654 [INFO] ThirdPartyUpdaterWithRetryManager:96 - Updater plugin is busy. [2/15]
2025-05-10 21:57:59,433 [ERROR] ServerAccessManage:1089 - Problem, file not found on Server
2025-05-10 21:57:59,828 [ERROR] ServerAccessManage:1089 - Problem, file not found on Server
2025-05-10 21:58:00,217 [ERROR] ServerAccessManage:1089 - Problem, file not found on Server
2025-05-10 21:58:00,341 [INFO] ServerAccessManage:473 - Download File wolfSSL.I-CUBE-wolfMQTT.pdsc
2025-05-10 21:58:00,654 [WARN] MainUpdater:1193 - Updater busy. Cannot search thirdparties
2025-05-10 21:58:00,654 [INFO] ThirdPartyUpdaterWithRetryManager:96 - Updater plugin is busy. [3/15]
2025-05-10 21:58:01,422 [ERROR] ServerAccessManage:1089 - Problem, file not found on Server
2025-05-10 21:58:01,549 [INFO] ServerAccessManage:473 - Download File wolfSSL.I-CUBE-wolfTPM.pdsc
2025-05-10 21:58:02,757 [INFO] ServerAccessManage:473 - Download File wolfSSL.I-CUBE-wolfSSH.pdsc
2025-05-10 21:58:03,655 [WARN] MainUpdater:1193 - Updater busy. Cannot search thirdparties
2025-05-10 21:58:03,655 [INFO] ThirdPartyUpdaterWithRetryManager:96 - Updater plugin is busy. [4/15]
2025-05-10 21:58:03,777 [INFO] ServerAccessManage:473 - Download File RealThread.X-CUBE-RT-Thread_Nano.pdsc
2025-05-10 21:58:04,027 [INFO] ServerAccessManage:473 - Download File SEGGER.I-CUBE-embOS.pdsc
2025-05-10 21:58:04,486 [INFO] ServerAccessManage:473 - Download File portGmbH.I-Cube-SoM-uGOAL.pdsc
2025-05-10 21:58:04,898 [ERROR] ServerAccessManage:1089 - Problem, file not found on Server
2025-05-10 21:58:04,931 [ERROR] ServerAccessManage:1089 - Problem, file not found on Server
2025-05-10 21:58:04,971 [ERROR] ServerAccessManage:1089 - Problem, file not found on Server
2025-05-10 21:58:05,130 [INFO] ServerAccessManage:473 - Download File emotas.I-CUBE-CANOPEN.pdsc
2025-05-10 21:58:06,170 [INFO] ServerAccessManage:473 - Download File WES.I-CUBE-Cesium.pdsc
2025-05-10 21:58:06,655 [WARN] MainUpdater:1193 - Updater busy. Cannot search thirdparties
2025-05-10 21:58:06,655 [INFO] ThirdPartyUpdaterWithRetryManager:96 - Updater plugin is busy. [5/15]
2025-05-10 21:58:06,834 [ERROR] ServerAccessManage:1089 - Problem, file not found on Server
2025-05-10 21:58:07,122 [ERROR] ServerAccessManage:1089 - Problem, file not found on Server
2025-05-10 21:58:07,983 [INFO] ServerAccessManage:473 - Download File ITTIA_DB.I-CUBE-ITTIADB.pdsc
2025-05-10 21:58:09,656 [WARN] MainUpdater:1193 - Updater busy. Cannot search thirdparties
2025-05-10 21:58:09,656 [INFO] ThirdPartyUpdaterWithRetryManager:96 - Updater plugin is busy. [6/15]
2025-05-10 21:58:12,192 [INFO] ServerAccessManage:473 - Download File Infineon.AIROC-Wi-Fi-Bluetooth-STM32.pdsc
2025-05-10 21:58:12,656 [WARN] MainUpdater:1193 - Updater busy. Cannot search thirdparties
2025-05-10 21:58:12,656 [INFO] ThirdPartyUpdaterWithRetryManager:96 - Updater plugin is busy. [7/15]
2025-05-10 21:58:15,538 [INFO] ServerAccessManage:473 - Download File Cesanta.I-CUBE-Mongoose.pdsc
2025-05-10 21:58:15,657 [WARN] MainUpdater:1193 - Updater busy. Cannot search thirdparties
2025-05-10 21:58:15,657 [INFO] ThirdPartyUpdaterWithRetryManager:96 - Updater plugin is busy. [8/15]
2025-05-10 21:58:16,739 [INFO] ServerAccessManage:473 - Download File EmbeddedOffice.I-CUBE-FS-RTOS.pdsc
2025-05-10 21:58:17,658 [INFO] ServerAccessManage:473 - Download File quantropi.X-CUBE-qispace-sdk-base.pdsc
2025-05-10 21:58:18,196 [INFO] ServerAccessManage:473 - Download File Avnet-IotConnect.X-CUBE-IoTC-DA16k-PMOD.pdsc
2025-05-10 21:58:18,286 [WARN] PackLoader:240 - Cannot read IP mode file for STMicroelectronics.X-CUBE-FREERTOS.1.3.1
2025-05-10 21:58:18,291 [WARN] PackLoader:240 - Cannot read IP mode file for wolfSSL.I-CUBE-wolfSSL.5.8.0
2025-05-10 21:58:18,294 [WARN] PackLoader:240 - Cannot read IP mode file for wolfSSL.I-CUBE-wolfMQTT.1.19.2
2025-05-10 21:58:18,298 [WARN] PackLoader:240 - Cannot read IP mode file for wolfSSL.I-CUBE-wolfTPM.3.8.0
2025-05-10 21:58:18,302 [WARN] PackLoader:240 - Cannot read IP mode file for wolfSSL.I-CUBE-wolfSSH.1.4.20
2025-05-10 21:58:18,305 [WARN] PackLoader:240 - Cannot read IP mode file for RealThread.X-CUBE-RT-Thread_Nano.4.1.1
2025-05-10 21:58:18,339 [WARN] PackLoader:240 - Cannot read IP mode file for SEGGER.I-CUBE-embOS.1.3.1
2025-05-10 21:58:18,401 [WARN] PackLoader:240 - Cannot read IP mode file for portGmbH.I-Cube-SoM-uGOAL.1.1.0
2025-05-10 21:58:18,405 [WARN] PackLoader:240 - Cannot read IP mode file for emotas.I-CUBE-CANOPEN.1.3.0
2025-05-10 21:58:18,408 [WARN] PackLoader:240 - Cannot read IP mode file for WES.I-CUBE-Cesium.1.3.0
2025-05-10 21:58:18,412 [WARN] PackLoader:240 - Cannot read IP mode file for ITTIA_DB.I-CUBE-ITTIADB.8.9.0
2025-05-10 21:58:18,413 [INFO] CheckServerUpdateThread:120 - End of CheckServer Thread
2025-05-10 21:58:18,448 [WARN] PackLoader:240 - Cannot read IP mode file for Infineon.AIROC-Wi-Fi-Bluetooth-STM32.1.7.0
2025-05-10 21:58:18,458 [WARN] PackLoader:240 - Cannot read IP mode file for Cesanta.I-CUBE-Mongoose.7.13.0
2025-05-10 21:58:18,464 [WARN] PackLoader:240 - Cannot read IP mode file for EmbeddedOffice.I-CUBE-FS-RTOS.1.0.1
2025-05-10 21:58:18,468 [WARN] ConditionMgr:438 - getConditionDescription Invalid condition id : Cortex-A Device cause : null
2025-05-10 21:58:18,476 [WARN] ConditionMgr:1044 - genDependencies : Invalid condition id : Cortex-A Device cause : null
2025-05-10 21:58:18,476 [WARN] ConditionMgr:1044 - genDependencies : Invalid condition id : Cortex-A Device cause : null
2025-05-10 21:58:18,476 [WARN] ConditionMgr:1044 - genDependencies : Invalid condition id : Cortex-A Device cause : null
2025-05-10 21:58:18,478 [WARN] PackLoader:240 - Cannot read IP mode file for Avnet-IotConnect.X-CUBE-IoTC-DA16k-PMOD.1.0.0
2025-05-10 21:58:18,479 [INFO] PopulateThirdPartyThread:66 - Ending populate Thread
2025-05-10 21:58:18,480 [INFO] ThirdParty:1030 - CMSIS Pack Vendor :wolfSSL I-CUBE-wolfTPM 3.8.0
2025-05-10 21:58:18,480 [INFO] ThirdParty:1030 - CMSIS Pack Vendor :quantropi X-CUBE-qispace-sdk-base 2.0.0
2025-05-10 21:58:18,480 [INFO] ThirdParty:1030 - CMSIS Pack Vendor :wolfSSL I-CUBE-wolfSSH 1.4.20
2025-05-10 21:58:18,480 [INFO] ThirdParty:1030 - CMSIS Pack Vendor :wolfSSL I-CUBE-wolfSSL 5.8.0
2025-05-10 21:58:18,480 [INFO] ThirdParty:1030 - CMSIS Pack Vendor :RealThread X-CUBE-RT-Thread_Nano 4.1.1
2025-05-10 21:58:18,480 [INFO] ThirdParty:1030 - CMSIS Pack Vendor :SEGGER I-CUBE-embOS 1.3.1
2025-05-10 21:58:18,480 [INFO] ThirdParty:1030 - CMSIS Pack Vendor :Avnet-IotConnect X-CUBE-IoTC-DA16k-PMOD 1.0.0
2025-05-10 21:58:18,480 [INFO] ThirdParty:1030 - CMSIS Pack Vendor :wolfSSL I-CUBE-wolfMQTT 1.19.2
2025-05-10 21:58:18,480 [INFO] ThirdParty:1030 - CMSIS Pack Vendor :STMicroelectronics X-CUBE-FREERTOS 1.3.1
2025-05-10 21:58:18,480 [INFO] ThirdParty:1030 - CMSIS Pack Vendor :emotas I-CUBE-CANOPEN 1.3.0
2025-05-10 21:58:18,480 [INFO] ThirdParty:1030 - CMSIS Pack Vendor :WES I-CUBE-Cesium 1.3.0
2025-05-10 21:58:18,480 [INFO] ThirdParty:1030 - CMSIS Pack Vendor :EmbeddedOffice I-CUBE-FS-RTOS 1.0.1
2025-05-10 21:58:18,480 [INFO] ThirdParty:1030 - CMSIS Pack Vendor :Cesanta I-CUBE-Mongoose 7.13.0
2025-05-10 21:58:18,481 [INFO] ThirdParty:1030 - CMSIS Pack Vendor :ITTIA_DB I-CUBE-ITTIADB 8.9.0
2025-05-10 21:58:18,481 [INFO] ThirdParty:1030 - CMSIS Pack Vendor :Infineon AIROC-Wi-Fi-Bluetooth-STM32 1.7.0
2025-05-10 21:58:18,481 [INFO] ThirdParty:1030 - CMSIS Pack Vendor :portGmbH I-Cube-SoM-uGOAL 1.1.0
2025-05-10 21:58:18,481 [INFO] LoadServerUpdatesThread:375 - End of LoadServerUpdate Thread
2025-05-10 21:58:18,753 [WARN] PackLoader:240 - Cannot read IP mode file for STMicroelectronics.FP-SNS-MOTENVWB1.1.4.0
2025-05-10 21:58:18,757 [WARN] PackLoader:240 - Cannot read IP mode file for STMicroelectronics.X-CUBE-SMBUS.2.1.0
2025-05-10 21:58:18,772 [WARN] PackLoader:240 - Cannot read IP mode file for STMicroelectronics.X-CUBE-AZRTOS-F7.1.1.0
2025-05-10 21:58:18,790 [WARN] PackLoader:240 - Cannot read IP mode file for Infineon.AIROC-Wi-Fi-Bluetooth-STM32.1.7.0
2025-05-10 21:58:18,801 [WARN] PackLoader:240 - Cannot read IP mode file for STMicroelectronics.X-CUBE-DISPLAY.3.0.0
2025-05-10 21:58:18,811 [WARN] PackLoader:240 - Cannot read IP mode file for STMicroelectronics.X-CUBE-NFC10.1.0.0
2025-05-10 21:58:18,820 [WARN] PackLoader:240 - Cannot read IP mode file for STMicroelectronics.X-CUBE-BLEMGR.4.0.0
2025-05-10 21:58:18,826 [WARN] PackLoader:240 - Cannot read IP mode file for emotas.I-CUBE-CANOPEN.1.3.0
2025-05-10 21:58:18,829 [WARN] ConditionMgr:438 - getConditionDescription Invalid condition id : Cortex-A Device cause : null
2025-05-10 21:58:18,833 [WARN] ConditionMgr:1044 - genDependencies : Invalid condition id : Cortex-A Device cause : null
2025-05-10 21:58:18,833 [WARN] ConditionMgr:1044 - genDependencies : Invalid condition id : Cortex-A Device cause : null
2025-05-10 21:58:18,833 [WARN] ConditionMgr:1044 - genDependencies : Invalid condition id : Cortex-A Device cause : null
2025-05-10 21:58:18,837 [WARN] PackLoader:240 - Cannot read IP mode file for STMicroelectronics.X-CUBE-AI.10.0.0
2025-05-10 21:58:18,841 [WARN] PackLoader:240 - Cannot read IP mode file for STMicroelectronics.FP-SNS-SMARTAG2.1.2.0
2025-05-10 21:58:18,846 [INFO] LogOutputStream:77 - [STDOUT_REDIRECT] 1 : Invalid condition id : UX_CORESTACK_Condition cause : null
2025-05-10 21:58:18,847 [INFO] LogOutputStream:77 - [STDOUT_REDIRECT] 1 : Invalid condition id : UX_CORESTACK_Condition cause : null
2025-05-10 21:58:18,847 [INFO] LogOutputStream:77 - [STDOUT_REDIRECT] 1 : Invalid condition id : UX_CORESTACK_Condition cause : null
2025-05-10 21:58:18,847 [INFO] LogOutputStream:77 - [STDOUT_REDIRECT] 1 : Invalid condition id : UX_CORESTACK_Condition cause : null
2025-05-10 21:58:18,847 [INFO] LogOutputStream:77 - [STDOUT_REDIRECT] 1 : Invalid condition id : UX_CORESTACK_Condition cause : null
2025-05-10 21:58:18,850 [WARN] PackLoader:240 - Cannot read IP mode file for STMicroelectronics.X-CUBE-AZRTOS-WL.2.0.0
2025-05-10 21:58:18,855 [WARN] PackLoader:240 - Cannot read IP mode file for STMicroelectronics.FP-SNS-MOTENV1.5.0.0
2025-05-10 21:58:18,860 [WARN] PackLoader:240 - Cannot read IP mode file for WES.I-CUBE-Cesium.1.3.0
2025-05-10 21:58:18,864 [WARN] PackLoader:240 - Cannot read IP mode file for STMicroelectronics.X-CUBE-BLE2.3.3.0
2025-05-10 21:58:18,870 [WARN] PackLoader:240 - Cannot read IP mode file for STMicroelectronics.X-CUBE-NFC9.1.0.0
2025-05-10 21:58:18,875 [WARN] PackLoader:240 - Cannot read IP mode file for wolfSSL.I-CUBE-wolfSSL.5.8.0
2025-05-10 21:58:18,878 [WARN] PackLoader:240 - Cannot read IP mode file for wolfSSL.I-CUBE-wolfMQTT.1.19.2
2025-05-10 21:58:18,887 [WARN] PackLoader:240 - Cannot read IP mode file for STMicroelectronics.X-CUBE-AZRTOS-G0.1.1.0
2025-05-10 21:58:18,893 [WARN] PackLoader:240 - Cannot read IP mode file for STMicroelectronics.X-CUBE-SAFEA1.1.2.2
2025-05-10 21:58:18,898 [WARN] PackLoader:240 - Cannot read IP mode file for STMicroelectronics.X-CUBE-NFC4.3.0.0
2025-05-10 21:58:18,905 [WARN] PackLoader:240 - Cannot read IP mode file for EmbeddedOffice.I-CUBE-FS-RTOS.1.0.1
2025-05-10 21:58:18,909 [WARN] PackLoader:240 - Cannot read IP mode file for wolfSSL.I-CUBE-wolfTPM.3.8.0
2025-05-10 21:58:18,913 [WARN] PackLoader:240 - Cannot read IP mode file for STMicroelectronics.X-CUBE-TCPP.4.2.0
2025-05-10 21:58:18,918 [WARN] PackLoader:240 - Cannot read IP mode file for RealThread.X-CUBE-RT-Thread_Nano.4.1.1
2025-05-10 21:58:18,922 [WARN] PackLoader:240 - Cannot read IP mode file for STMicroelectronics.FP-ATR-SIGFOX1.3.2.0
2025-05-10 21:58:18,927 [WARN] PackLoader:240 - Cannot read IP mode file for STMicroelectronics.X-CUBE-EEPRMA1.5.1.0
2025-05-10 21:58:18,933 [WARN] PackLoader:240 - Cannot read IP mode file for ITTIA_DB.I-CUBE-ITTIADB.8.9.0
2025-05-10 21:58:18,954 [WARN] PackLoader:240 - Cannot read IP mode file for SEGGER.I-CUBE-embOS.1.3.1
2025-05-10 21:58:19,002 [WARN] PackLoader:240 - Cannot read IP mode file for STMicroelectronics.X-CUBE-ALGOBUILD.1.4.0
2025-05-10 21:58:19,013 [WARN] PackLoader:240 - Cannot read IP mode file for STMicroelectronics.X-CUBE-AZRTOS-F4.1.1.0
2025-05-10 21:58:19,019 [WARN] PackLoader:240 - Cannot read IP mode file for Avnet-IotConnect.X-CUBE-IoTC-DA16k-PMOD.1.0.0
2025-05-10 21:58:19,022 [WARN] PackLoader:240 - Cannot read IP mode file for STMicroelectronics.X-CUBE-ISPU.2.1.0
2025-05-10 21:58:19,036 [WARN] PackLoader:240 - Cannot read IP mode file for STMicroelectronics.X-CUBE-AZRTOS-L5.2.0.0
2025-05-10 21:58:19,044 [WARN] PackLoader:240 - Cannot read IP mode file for STMicroelectronics.X-CUBE-NFC6.3.1.0
2025-05-10 21:58:19,051 [WARN] PackLoader:240 - Cannot read IP mode file for STMicroelectronics.X-CUBE-FREERTOS.1.3.1
2025-05-10 21:58:19,055 [WARN] PackLoader:240 - Cannot read IP mode file for STMicroelectronics.X-CUBE-FREERTOS.1.3.0
2025-05-10 21:58:19,068 [WARN] ConditionMgr:438 - getConditionDescription Invalid condition id : LAN8742 Phy interface Condition cause : null
2025-05-10 21:58:19,069 [WARN] PackLoader:240 - Cannot read IP mode file for STMicroelectronics.X-CUBE-AZRTOS-L4.2.0.0
2025-05-10 21:58:19,070 [WARN] ConditionMgr:1044 - genDependencies : Invalid condition id : LAN8742 Phy interface Condition cause : null
2025-05-10 21:58:19,070 [WARN] ConditionMgr:1044 - genDependencies : Invalid condition id : LAN8742 Phy interface Condition cause : null
2025-05-10 21:58:19,071 [WARN] ConditionMgr:1044 - genDependencies : Invalid condition id : LAN8742 Phy interface Condition cause : null
2025-05-10 21:58:19,076 [WARN] PackLoader:240 - Cannot read IP mode file for STMicroelectronics.X-CUBE-SFXS2LP1.4.0.0
2025-05-10 21:58:19,092 [WARN] PackLoader:240 - Cannot read IP mode file for STMicroelectronics.X-CUBE-AZRTOS-H7.3.3.0
2025-05-10 21:58:19,105 [WARN] ConditionMgr:438 - getConditionDescription Invalid condition id : UX DEVICE CLASS RTOS Condition cause : null
2025-05-10 21:58:19,106 [WARN] ConditionMgr:438 - getConditionDescription Invalid condition id : UX DEVICE CLASS RTOS Condition cause : null
2025-05-10 21:58:19,108 [WARN] PackLoader:240 - Cannot read IP mode file for STMicroelectronics.X-CUBE-AZRTOS-WB.2.0.0
2025-05-10 21:58:19,108 [WARN] ConditionMgr:1044 - genDependencies : Invalid condition id : UX DEVICE CLASS RTOS Condition cause : null
2025-05-10 21:58:19,109 [WARN] ConditionMgr:1044 - genDependencies : Invalid condition id : UX DEVICE CLASS RTOS Condition cause : null
2025-05-10 21:58:19,109 [WARN] ConditionMgr:1044 - genDependencies : Invalid condition id : UX DEVICE CLASS RTOS Condition cause : null
2025-05-10 21:58:19,109 [WARN] ConditionMgr:1044 - genDependencies : Invalid condition id : UX DEVICE CLASS RTOS Condition cause : null
2025-05-10 21:58:19,109 [WARN] ConditionMgr:1044 - genDependencies : Invalid condition id : UX DEVICE CLASS RTOS Condition cause : null
2025-05-10 21:58:19,114 [WARN] PackLoader:240 - Cannot read IP mode file for STMicroelectronics.X-CUBE-GNSS1.7.0.1
2025-05-10 21:58:19,119 [WARN] PackLoader:240 - Cannot read IP mode file for STMicroelectronics.FP-SNS-STBOX1.2.0.0
2025-05-10 21:58:19,129 [WARN] PackLoader:240 - Cannot read IP mode file for STMicroelectronics.X-CUBE-SUBG2.5.0.0
2025-05-10 21:58:19,139 [WARN] PackLoader:240 - Cannot read IP mode file for Cesanta.I-CUBE-Mongoose.7.13.0
2025-05-10 21:58:19,148 [WARN] PackLoader:240 - Cannot read IP mode file for STMicroelectronics.X-CUBE-AZRTOS-G4.2.0.0
2025-05-10 21:58:19,154 [WARN] PackLoader:240 - Cannot read IP mode file for wolfSSL.I-CUBE-wolfSSH.1.4.20
2025-05-10 21:58:19,163 [WARN] PackLoader:240 - Cannot read IP mode file for STMicroelectronics.X-CUBE-IPS.3.1.0
2025-05-10 21:58:19,205 [WARN] PackLoader:240 - Cannot read IP mode file for STMicroelectronics.X-CUBE-ALS.1.0.2
2025-05-10 21:58:19,210 [WARN] PackLoader:240 - Cannot read IP mode file for portGmbH.I-Cube-SoM-uGOAL.1.1.0
2025-05-10 21:58:19,212 [INFO] ThirdParty:978 - Integrity check success = true
2025-05-10 21:58:19,212 [INFO] IntegrityCheckThread:100 - exiting critical section [integrity check]
2025-05-10 21:58:19,212 [INFO] IntegrityCheckThread:103 - End integrity checks thread
2025-05-10 23:39:58,595 [ERROR] LogOutputStream:75 - [STDERR_REDIRECT] 
